2025-08-12 00:00:00 [scheduling-1] INFO  c.hana7.hanaro.service.OrdersService - [updateStateBatch] 시작
2025-08-12 00:00:00 [scheduling-1] INFO  c.hana7.hanaro.service.OrdersService - [updateStateBatch] PAID -> PREPARING 진행 중
2025-08-12 00:00:00 [scheduling-1] INFO  c.hana7.hanaro.service.OrdersService - [updateStateBatch] 변경된 행 수 = 0
2025-08-12 00:00:00 [scheduling-1] INFO  c.hana7.hanaro.service.OrdersService - [updateStateBatch] PREPARING -> DELIVERING 진행 중
2025-08-12 00:00:00 [scheduling-1] INFO  c.hana7.hanaro.service.OrdersService - [updateStateBatch] 변경된 행 수 = 0
2025-08-12 00:00:00 [scheduling-1] INFO  c.hana7.hanaro.service.OrdersService - [updateStateBatch] DELIVERING -> DELIVERED 진행 중
2025-08-12 00:00:00 [scheduling-1] INFO  c.hana7.hanaro.service.OrdersService - [updateStateBatch] 변경된 행 수 = 0
2025-08-12 00:00:00 [scheduling-1] INFO  c.hana7.hanaro.service.OrdersService - [updateStateBatch] 종료
2025-08-12 00:05:00 [scheduling-1] INFO  c.hana7.hanaro.service.OrdersService - [updateStateBatch] 시작
2025-08-12 00:05:00 [scheduling-1] INFO  c.hana7.hanaro.service.OrdersService - [updateStateBatch] PAID -> PREPARING 진행 중
2025-08-12 00:05:00 [scheduling-1] INFO  c.hana7.hanaro.service.OrdersService - [updateStateBatch] 변경된 행 수 = 0
2025-08-12 00:05:00 [scheduling-1] INFO  c.hana7.hanaro.service.OrdersService - [updateStateBatch] PREPARING -> DELIVERING 진행 중
2025-08-12 00:05:00 [scheduling-1] INFO  c.hana7.hanaro.service.OrdersService - [updateStateBatch] 변경된 행 수 = 0
2025-08-12 00:05:00 [scheduling-1] INFO  c.hana7.hanaro.service.OrdersService - [updateStateBatch] DELIVERING -> DELIVERED 진행 중
2025-08-12 00:05:00 [scheduling-1] INFO  c.hana7.hanaro.service.OrdersService - [updateStateBatch] 변경된 행 수 = 0
2025-08-12 00:05:00 [scheduling-1] INFO  c.hana7.hanaro.service.OrdersService - [updateStateBatch] 종료
2025-08-12 00:10:00 [scheduling-1] INFO  c.hana7.hanaro.service.OrdersService - [updateStateBatch] 시작
2025-08-12 00:10:00 [scheduling-1] INFO  c.hana7.hanaro.service.OrdersService - [updateStateBatch] PAID -> PREPARING 진행 중
2025-08-12 00:10:00 [scheduling-1] INFO  c.hana7.hanaro.service.OrdersService - [updateStateBatch] 변경된 행 수 = 0
2025-08-12 00:10:00 [scheduling-1] INFO  c.hana7.hanaro.service.OrdersService - [updateStateBatch] PREPARING -> DELIVERING 진행 중
2025-08-12 00:10:00 [scheduling-1] INFO  c.hana7.hanaro.service.OrdersService - [updateStateBatch] 변경된 행 수 = 1
2025-08-12 00:10:00 [scheduling-1] INFO  c.hana7.hanaro.service.OrdersService - [updateStateBatch] DELIVERING -> DELIVERED 진행 중
2025-08-12 00:10:00 [scheduling-1] INFO  c.hana7.hanaro.service.OrdersService - [updateStateBatch] 변경된 행 수 = 0
2025-08-12 00:10:00 [scheduling-1] INFO  c.hana7.hanaro.service.OrdersService - [updateStateBatch] 종료
2025-08-12 00:15:00 [scheduling-1] INFO  c.hana7.hanaro.service.OrdersService - [updateStateBatch] 시작
2025-08-12 00:15:00 [scheduling-1] INFO  c.hana7.hanaro.service.OrdersService - [updateStateBatch] PAID -> PREPARING 진행 중
2025-08-12 00:15:00 [scheduling-1] INFO  c.hana7.hanaro.service.OrdersService - [updateStateBatch] 변경된 행 수 = 0
2025-08-12 00:15:00 [scheduling-1] INFO  c.hana7.hanaro.service.OrdersService - [updateStateBatch] PREPARING -> DELIVERING 진행 중
2025-08-12 00:15:00 [scheduling-1] INFO  c.hana7.hanaro.service.OrdersService - [updateStateBatch] 변경된 행 수 = 0
2025-08-12 00:15:00 [scheduling-1] INFO  c.hana7.hanaro.service.OrdersService - [updateStateBatch] DELIVERING -> DELIVERED 진행 중
2025-08-12 00:15:00 [scheduling-1] INFO  c.hana7.hanaro.service.OrdersService - [updateStateBatch] 변경된 행 수 = 0
2025-08-12 00:15:00 [scheduling-1] INFO  c.hana7.hanaro.service.OrdersService - [updateStateBatch] 종료
2025-08-12 00:20:00 [scheduling-1] INFO  c.hana7.hanaro.service.OrdersService - [updateStateBatch] 시작
2025-08-12 00:20:00 [scheduling-1] INFO  c.hana7.hanaro.service.OrdersService - [updateStateBatch] PAID -> PREPARING 진행 중
2025-08-12 00:20:00 [scheduling-1] INFO  c.hana7.hanaro.service.OrdersService - [updateStateBatch] 변경된 행 수 = 0
2025-08-12 00:20:00 [scheduling-1] INFO  c.hana7.hanaro.service.OrdersService - [updateStateBatch] PREPARING -> DELIVERING 진행 중
2025-08-12 00:20:00 [scheduling-1] INFO  c.hana7.hanaro.service.OrdersService - [updateStateBatch] 변경된 행 수 = 0
2025-08-12 00:20:00 [scheduling-1] INFO  c.hana7.hanaro.service.OrdersService - [updateStateBatch] DELIVERING -> DELIVERED 진행 중
2025-08-12 00:20:00 [scheduling-1] INFO  c.hana7.hanaro.service.OrdersService - [updateStateBatch] 변경된 행 수 = 0
2025-08-12 00:20:00 [scheduling-1] INFO  c.hana7.hanaro.service.OrdersService - [updateStateBatch] 종료
2025-08-12 00:25:00 [scheduling-1] INFO  c.hana7.hanaro.service.OrdersService - [updateStateBatch] 시작
2025-08-12 00:25:00 [scheduling-1] INFO  c.hana7.hanaro.service.OrdersService - [updateStateBatch] PAID -> PREPARING 진행 중
2025-08-12 00:25:00 [scheduling-1] INFO  c.hana7.hanaro.service.OrdersService - [updateStateBatch] 변경된 행 수 = 0
2025-08-12 00:25:00 [scheduling-1] INFO  c.hana7.hanaro.service.OrdersService - [updateStateBatch] PREPARING -> DELIVERING 진행 중
2025-08-12 00:25:00 [scheduling-1] INFO  c.hana7.hanaro.service.OrdersService - [updateStateBatch] 변경된 행 수 = 0
2025-08-12 00:25:00 [scheduling-1] INFO  c.hana7.hanaro.service.OrdersService - [updateStateBatch] DELIVERING -> DELIVERED 진행 중
2025-08-12 00:25:00 [scheduling-1] INFO  c.hana7.hanaro.service.OrdersService - [updateStateBatch] 변경된 행 수 = 0
2025-08-12 00:25:00 [scheduling-1] INFO  c.hana7.hanaro.service.OrdersService - [updateStateBatch] 종료
2025-08-12 00:30:00 [scheduling-1] INFO  c.hana7.hanaro.service.OrdersService - [updateStateBatch] 시작
2025-08-12 00:30:00 [scheduling-1] INFO  c.hana7.hanaro.service.OrdersService - [updateStateBatch] PAID -> PREPARING 진행 중
2025-08-12 00:30:00 [scheduling-1] INFO  c.hana7.hanaro.service.OrdersService - [updateStateBatch] 변경된 행 수 = 0
2025-08-12 00:30:00 [scheduling-1] INFO  c.hana7.hanaro.service.OrdersService - [updateStateBatch] PREPARING -> DELIVERING 진행 중
2025-08-12 00:30:00 [scheduling-1] INFO  c.hana7.hanaro.service.OrdersService - [updateStateBatch] 변경된 행 수 = 0
2025-08-12 00:30:00 [scheduling-1] INFO  c.hana7.hanaro.service.OrdersService - [updateStateBatch] DELIVERING -> DELIVERED 진행 중
2025-08-12 00:30:00 [scheduling-1] INFO  c.hana7.hanaro.service.OrdersService - [updateStateBatch] 변경된 행 수 = 0
2025-08-12 00:30:00 [scheduling-1] INFO  c.hana7.hanaro.service.OrdersService - [updateStateBatch] 종료
2025-08-12 00:35:00 [scheduling-1] INFO  c.hana7.hanaro.service.OrdersService - [updateStateBatch] 시작
2025-08-12 00:35:00 [scheduling-1] INFO  c.hana7.hanaro.service.OrdersService - [updateStateBatch] PAID -> PREPARING 진행 중
2025-08-12 00:35:00 [scheduling-1] INFO  c.hana7.hanaro.service.OrdersService - [updateStateBatch] 변경된 행 수 = 0
2025-08-12 00:35:00 [scheduling-1] INFO  c.hana7.hanaro.service.OrdersService - [updateStateBatch] PREPARING -> DELIVERING 진행 중
2025-08-12 00:35:00 [scheduling-1] INFO  c.hana7.hanaro.service.OrdersService - [updateStateBatch] 변경된 행 수 = 0
2025-08-12 00:35:00 [scheduling-1] INFO  c.hana7.hanaro.service.OrdersService - [updateStateBatch] DELIVERING -> DELIVERED 진행 중
2025-08-12 00:35:00 [scheduling-1] INFO  c.hana7.hanaro.service.OrdersService - [updateStateBatch] 변경된 행 수 = 0
2025-08-12 00:35:00 [scheduling-1] INFO  c.hana7.hanaro.service.OrdersService - [updateStateBatch] 종료
2025-08-12 00:40:00 [scheduling-1] INFO  c.hana7.hanaro.service.OrdersService - [updateStateBatch] 시작
2025-08-12 00:40:00 [scheduling-1] INFO  c.hana7.hanaro.service.OrdersService - [updateStateBatch] PAID -> PREPARING 진행 중
2025-08-12 00:40:00 [scheduling-1] INFO  c.hana7.hanaro.service.OrdersService - [updateStateBatch] 변경된 행 수 = 0
2025-08-12 00:40:00 [scheduling-1] INFO  c.hana7.hanaro.service.OrdersService - [updateStateBatch] PREPARING -> DELIVERING 진행 중
2025-08-12 00:40:00 [scheduling-1] INFO  c.hana7.hanaro.service.OrdersService - [updateStateBatch] 변경된 행 수 = 0
2025-08-12 00:40:00 [scheduling-1] INFO  c.hana7.hanaro.service.OrdersService - [updateStateBatch] DELIVERING -> DELIVERED 진행 중
2025-08-12 00:40:00 [scheduling-1] INFO  c.hana7.hanaro.service.OrdersService - [updateStateBatch] 변경된 행 수 = 0
2025-08-12 00:40:00 [scheduling-1] INFO  c.hana7.hanaro.service.OrdersService - [updateStateBatch] 종료
2025-08-12 00:45:00 [scheduling-1] INFO  c.hana7.hanaro.service.OrdersService - [updateStateBatch] 시작
2025-08-12 00:45:00 [scheduling-1] INFO  c.hana7.hanaro.service.OrdersService - [updateStateBatch] PAID -> PREPARING 진행 중
2025-08-12 00:45:00 [scheduling-1] INFO  c.hana7.hanaro.service.OrdersService - [updateStateBatch] 변경된 행 수 = 0
2025-08-12 00:45:00 [scheduling-1] INFO  c.hana7.hanaro.service.OrdersService - [updateStateBatch] PREPARING -> DELIVERING 진행 중
2025-08-12 00:45:00 [scheduling-1] INFO  c.hana7.hanaro.service.OrdersService - [updateStateBatch] 변경된 행 수 = 0
2025-08-12 00:45:00 [scheduling-1] INFO  c.hana7.hanaro.service.OrdersService - [updateStateBatch] DELIVERING -> DELIVERED 진행 중
2025-08-12 00:45:00 [scheduling-1] INFO  c.hana7.hanaro.service.OrdersService - [updateStateBatch] 변경된 행 수 = 0
2025-08-12 00:45:00 [scheduling-1] INFO  c.hana7.hanaro.service.OrdersService - [updateStateBatch] 종료
2025-08-12 00:50:00 [scheduling-1] INFO  c.hana7.hanaro.service.OrdersService - [updateStateBatch] 시작
2025-08-12 00:50:00 [scheduling-1] INFO  c.hana7.hanaro.service.OrdersService - [updateStateBatch] PAID -> PREPARING 진행 중
2025-08-12 00:50:00 [scheduling-1] INFO  c.hana7.hanaro.service.OrdersService - [updateStateBatch] 변경된 행 수 = 0
2025-08-12 00:50:00 [scheduling-1] INFO  c.hana7.hanaro.service.OrdersService - [updateStateBatch] PREPARING -> DELIVERING 진행 중
2025-08-12 00:50:00 [scheduling-1] INFO  c.hana7.hanaro.service.OrdersService - [updateStateBatch] 변경된 행 수 = 0
2025-08-12 00:50:00 [scheduling-1] INFO  c.hana7.hanaro.service.OrdersService - [updateStateBatch] DELIVERING -> DELIVERED 진행 중
2025-08-12 00:50:00 [scheduling-1] INFO  c.hana7.hanaro.service.OrdersService - [updateStateBatch] 변경된 행 수 = 0
2025-08-12 00:50:00 [scheduling-1] INFO  c.hana7.hanaro.service.OrdersService - [updateStateBatch] 종료
2025-08-12 07:01:01 [scheduling-1] INFO  c.hana7.hanaro.service.OrdersService - [updateStateBatch] 시작
2025-08-12 07:01:01 [scheduling-1] INFO  c.hana7.hanaro.service.OrdersService - [updateStateBatch] PAID -> PREPARING 진행 중
2025-08-12 07:01:02 [scheduling-1] INFO  c.hana7.hanaro.service.OrdersService - [updateStateBatch] 변경된 행 수 = 0
2025-08-12 07:01:02 [scheduling-1] INFO  c.hana7.hanaro.service.OrdersService - [updateStateBatch] PREPARING -> DELIVERING 진행 중
2025-08-12 07:01:02 [scheduling-1] INFO  c.hana7.hanaro.service.OrdersService - [updateStateBatch] 변경된 행 수 = 0
2025-08-12 07:01:02 [scheduling-1] INFO  c.hana7.hanaro.service.OrdersService - [updateStateBatch] DELIVERING -> DELIVERED 진행 중
2025-08-12 07:01:02 [scheduling-1] INFO  c.hana7.hanaro.service.OrdersService - [updateStateBatch] 변경된 행 수 = 1
2025-08-12 07:01:02 [scheduling-1] INFO  c.hana7.hanaro.service.OrdersService - [updateStateBatch] 종료
2025-08-12 08:42:11 [scheduling-1] INFO  c.hana7.hanaro.service.OrdersService - [updateStateBatch] 시작
2025-08-12 08:42:11 [scheduling-1] INFO  c.hana7.hanaro.service.OrdersService - [updateStateBatch] PAID -> PREPARING 진행 중
2025-08-12 08:42:11 [scheduling-1] INFO  c.hana7.hanaro.service.OrdersService - [updateStateBatch] 변경된 행 수 = 0
2025-08-12 08:42:11 [scheduling-1] INFO  c.hana7.hanaro.service.OrdersService - [updateStateBatch] PREPARING -> DELIVERING 진행 중
2025-08-12 08:42:11 [scheduling-1] INFO  c.hana7.hanaro.service.OrdersService - [updateStateBatch] 변경된 행 수 = 0
2025-08-12 08:42:11 [scheduling-1] INFO  c.hana7.hanaro.service.OrdersService - [updateStateBatch] DELIVERING -> DELIVERED 진행 중
2025-08-12 08:42:11 [scheduling-1] INFO  c.hana7.hanaro.service.OrdersService - [updateStateBatch] 변경된 행 수 = 0
2025-08-12 08:42:11 [scheduling-1] INFO  c.hana7.hanaro.service.OrdersService - [updateStateBatch] 종료
2025-08-12 08:45:00 [scheduling-1] INFO  c.hana7.hanaro.service.OrdersService - [updateStateBatch] 시작
2025-08-12 08:45:00 [scheduling-1] INFO  c.hana7.hanaro.service.OrdersService - [updateStateBatch] PAID -> PREPARING 진행 중
2025-08-12 08:45:00 [scheduling-1] INFO  c.hana7.hanaro.service.OrdersService - [updateStateBatch] 변경된 행 수 = 1
2025-08-12 08:45:00 [scheduling-1] INFO  c.hana7.hanaro.service.OrdersService - [updateStateBatch] PREPARING -> DELIVERING 진행 중
2025-08-12 08:45:00 [scheduling-1] INFO  c.hana7.hanaro.service.OrdersService - [updateStateBatch] 변경된 행 수 = 0
2025-08-12 08:45:00 [scheduling-1] INFO  c.hana7.hanaro.service.OrdersService - [updateStateBatch] DELIVERING -> DELIVERED 진행 중
2025-08-12 08:45:00 [scheduling-1] INFO  c.hana7.hanaro.service.OrdersService - [updateStateBatch] 변경된 행 수 = 0
2025-08-12 08:45:00 [scheduling-1] INFO  c.hana7.hanaro.service.OrdersService - [updateStateBatch] 종료
2025-08-12 08:50:00 [scheduling-1] INFO  c.hana7.hanaro.service.OrdersService - [updateStateBatch] 시작
2025-08-12 08:50:00 [scheduling-1] INFO  c.hana7.hanaro.service.OrdersService - [updateStateBatch] PAID -> PREPARING 진행 중
2025-08-12 08:50:00 [scheduling-1] INFO  c.hana7.hanaro.service.OrdersService - [updateStateBatch] 변경된 행 수 = 1
2025-08-12 08:50:00 [scheduling-1] INFO  c.hana7.hanaro.service.OrdersService - [updateStateBatch] PREPARING -> DELIVERING 진행 중
2025-08-12 08:50:00 [scheduling-1] INFO  c.hana7.hanaro.service.OrdersService - [updateStateBatch] 변경된 행 수 = 0
2025-08-12 08:50:00 [scheduling-1] INFO  c.hana7.hanaro.service.OrdersService - [updateStateBatch] DELIVERING -> DELIVERED 진행 중
2025-08-12 08:50:00 [scheduling-1] INFO  c.hana7.hanaro.service.OrdersService - [updateStateBatch] 변경된 행 수 = 0
2025-08-12 08:50:00 [scheduling-1] INFO  c.hana7.hanaro.service.OrdersService - [updateStateBatch] 종료
2025-08-12 08:55:00 [scheduling-1] INFO  c.hana7.hanaro.service.OrdersService - [updateStateBatch] 시작
2025-08-12 08:55:00 [scheduling-1] INFO  c.hana7.hanaro.service.OrdersService - [updateStateBatch] PAID -> PREPARING 진행 중
2025-08-12 08:55:00 [scheduling-1] INFO  c.hana7.hanaro.service.OrdersService - [updateStateBatch] 변경된 행 수 = 1
2025-08-12 08:55:00 [scheduling-1] INFO  c.hana7.hanaro.service.OrdersService - [updateStateBatch] PREPARING -> DELIVERING 진행 중
2025-08-12 08:55:00 [scheduling-1] INFO  c.hana7.hanaro.service.OrdersService - [updateStateBatch] 변경된 행 수 = 0
2025-08-12 08:55:00 [scheduling-1] INFO  c.hana7.hanaro.service.OrdersService - [updateStateBatch] DELIVERING -> DELIVERED 진행 중
2025-08-12 08:55:00 [scheduling-1] INFO  c.hana7.hanaro.service.OrdersService - [updateStateBatch] 변경된 행 수 = 0
2025-08-12 08:55:00 [scheduling-1] INFO  c.hana7.hanaro.service.OrdersService - [updateStateBatch] 종료
2025-08-12 09:05:00 [scheduling-1] INFO  c.hana7.hanaro.service.OrdersService - [updateStateBatch] 시작
2025-08-12 09:05:00 [scheduling-1] INFO  c.hana7.hanaro.service.OrdersService - [updateStateBatch] PAID -> PREPARING 진행 중
2025-08-12 09:05:00 [scheduling-1] INFO  c.hana7.hanaro.service.OrdersService - [updateStateBatch] 변경된 행 수 = 1
2025-08-12 09:05:00 [scheduling-1] INFO  c.hana7.hanaro.service.OrdersService - [updateStateBatch] PREPARING -> DELIVERING 진행 중
2025-08-12 09:05:00 [scheduling-1] INFO  c.hana7.hanaro.service.OrdersService - [updateStateBatch] 변경된 행 수 = 0
2025-08-12 09:05:00 [scheduling-1] INFO  c.hana7.hanaro.service.OrdersService - [updateStateBatch] DELIVERING -> DELIVERED 진행 중
2025-08-12 09:05:00 [scheduling-1] INFO  c.hana7.hanaro.service.OrdersService - [updateStateBatch] 변경된 행 수 = 0
2025-08-12 09:05:00 [scheduling-1] INFO  c.hana7.hanaro.service.OrdersService - [updateStateBatch] 종료
